Using pre-set license
Built from '2020.3/staging' branch; Version is '2020.3.16f1 (049d6eca3c44) revision 302446'; Using compiler version '192528614'; Build Type 'Release'
OS: 'Windows 7  (6.1.0) 64bit' Language: 'ru' Physical Memory: 8075 MB
BatchMode: 1, IsHumanControllingUs: 0, StartBugReporterOnCrash: 0, Is64bit: 1, IsPro: 0

 COMMAND LINE ARGUMENTS:
C:\Program Files\Unity\Hub\Editor\2020.3.16f1\Editor\Unity.exe
-adb2
-batchMode
-noUpm
-name
AssetImportWorker0
-projectPath
C:/Users/kycaka/Documents/GitHub/lawmer/Lawmer
-logFile
Logs/AssetImportWorker0.log
-srvPort
53561
Successfully changed project path to: C:/Users/kycaka/Documents/GitHub/lawmer/Lawmer
C:/Users/kycaka/Documents/GitHub/lawmer/Lawmer
Using Asset Import Pipeline V2.
Refreshing native plugins compatible for Editor in 88.24 ms, found 2 plugins.
Preloading 0 native plugins for Editor in 0.00 ms.
Initialize engine version: 2020.3.16f1 (049d6eca3c44)
[Subsystems] Discovering subsystems at path C:/Program Files/Unity/Hub/Editor/2020.3.16f1/Editor/Data/Resources/UnitySubsystems
[Subsystems] Discovering subsystems at path C:/Users/kycaka/Documents/GitHub/lawmer/Lawmer/Assets
GfxDevice: creating device client; threaded=0
d3d11: CreateDXGIFactory2(...) not found, fallbacking to CreateDXGIFactory1(...).
d3d11: QueryInterface(IDXGIFactory5) failed (80004002).
Direct3D:
    Version:  Direct3D 11.0 [level 11.0]
    Renderer: NVIDIA GeForce GTX 1060 (ID=0x1c20)
    Vendor:   
    VRAM:     2977 MB
    Driver:   27.21.14.6140
Initialize mono
Mono path[0] = 'C:/Program Files/Unity/Hub/Editor/2020.3.16f1/Editor/Data/Managed'
Mono path[1] = 'C:/Program Files/Unity/Hub/Editor/2020.3.16f1/Editor/Data/MonoBleedingEdge/lib/mono/unityjit'
Mono config path = 'C:/Program Files/Unity/Hub/Editor/2020.3.16f1/Editor/Data/MonoBleedingEdge/etc'
Using monoOptions --debugger-agent=transport=dt_socket,embedding=1,server=y,suspend=n,address=127.0.0.1:56568
Begin MonoManager ReloadAssembly
Registering precompiled unity dll's ...
Register platform support module: C:/Program Files/Unity/Hub/Editor/2020.3.16f1/Editor/Data/PlaybackEngines/WebGLSupport/UnityEditor.WebGL.Extensions.dll
Register platform support module: C:/Program Files/Unity/Hub/Editor/2020.3.16f1/Editor/Data/PlaybackEngines/WindowsStandaloneSupport/UnityEditor.WindowsStandalone.Extensions.dll
Registered in 0.003718 seconds.
Native extension for WindowsStandalone target not found
Native extension for WebGL target not found
Refreshing native plugins compatible for Editor in 95.09 ms, found 2 plugins.
Preloading 0 native plugins for Editor in 0.00 ms.
Mono: successfully reloaded assembly
- Completed reload, in  1.821 seconds
Domain Reload Profiling:
	ReloadAssembly (1821ms)
		BeginReloadAssembly (43ms)
			ExecutionOrderSort (0ms)
			DisableScriptedObjects (0ms)
			BackupInstance (0ms)
			ReleaseScriptingObjects (0ms)
			CreateAndSetChildDomain (1ms)
		EndReloadAssembly (548ms)
			LoadAssemblies (43ms)
			RebuildTransferFunctionScriptingTraits (0ms)
			SetupTypeCache (179ms)
			ReleaseScriptCaches (0ms)
			RebuildScriptCaches (34ms)
			SetupLoadedEditorAssemblies (244ms)
				LogAssemblyErrors (0ms)
				InitializePlatformSupportModulesInManaged (5ms)
				SetLoadedEditorAssemblies (0ms)
				RefreshPlugins (95ms)
				BeforeProcessingInitializeOnLoad (12ms)
				ProcessInitializeOnLoadAttributes (99ms)
				ProcessInitializeOnLoadMethodAttributes (31ms)
				AfterProcessingInitializeOnLoad (0ms)
				EditorAssembliesLoaded (0ms)
			ExecutionOrderSort2 (0ms)
			AwakeInstancesAfterBackupRestoration (0ms)
Platform modules already initialized, skipping
Registering precompiled user dll's ...
Registered in 0.012906 seconds.
Begin MonoManager ReloadAssembly
Native extension for WindowsStandalone target not found
Native extension for WebGL target not found
Refreshing native plugins compatible for Editor in 1.36 ms, found 2 plugins.
Preloading 0 native plugins for Editor in 0.00 ms.
Mono: successfully reloaded assembly
- Completed reload, in  1.369 seconds
Domain Reload Profiling:
	ReloadAssembly (1370ms)
		BeginReloadAssembly (164ms)
			ExecutionOrderSort (0ms)
			DisableScriptedObjects (7ms)
			BackupInstance (0ms)
			ReleaseScriptingObjects (0ms)
			CreateAndSetChildDomain (23ms)
		EndReloadAssembly (1133ms)
			LoadAssemblies (115ms)
			RebuildTransferFunctionScriptingTraits (0ms)
			SetupTypeCache (370ms)
			ReleaseScriptCaches (1ms)
			RebuildScriptCaches (68ms)
			SetupLoadedEditorAssemblies (456ms)
				LogAssemblyErrors (0ms)
				InitializePlatformSupportModulesInManaged (8ms)
				SetLoadedEditorAssemblies (1ms)
				RefreshPlugins (1ms)
				BeforeProcessingInitializeOnLoad (66ms)
				ProcessInitializeOnLoadAttributes (363ms)
				ProcessInitializeOnLoadMethodAttributes (12ms)
				AfterProcessingInitializeOnLoad (5ms)
				EditorAssembliesLoaded (0ms)
			ExecutionOrderSort2 (0ms)
			AwakeInstancesAfterBackupRestoration (8ms)
Platform modules already initialized, skipping
========================================================================
Worker process is ready to serve import requests
Launched and connected shader compiler UnityShaderCompiler.exe after 0.03 seconds
Refreshing native plugins compatible for Editor in 0.99 ms, found 2 plugins.
Preloading 0 native plugins for Editor in 0.00 ms.
Unloading 2071 Unused Serialized files (Serialized files now loaded: 0)
System memory in use before: 175.5 MB.
System memory in use after: 175.6 MB.

Unloading 22 unused Assets to reduce memory usage. Loaded Objects now: 2534.
Total: 3.686707 ms (FindLiveObjects: 0.243228 ms CreateObjectMapping: 0.136383 ms MarkObjects: 3.213743 ms  DeleteObjects: 0.091530 ms)

AssetImportParameters requested are different than current active one (requested -> active):
  custom:framework-win-MediaFoundation: 216162199b28c13a410421893ffa2e32 -> 
  custom:video-decoder-ogg-theora: a1e56fd34408186e4bbccfd4996cb3dc -> 
  custom:container-muxer-webm: aa71ff27fc2769a1b78a27578f13a17b -> 
  custom:container-demuxer-webm: 4f35f7cbe854078d1ac9338744f61a02 -> 
  custom:container-demuxer-ogg: 62fdf1f143b41e24485cea50d1cbac27 -> 
  custom:video-encoder-webm-vp8: eb34c28f22e8b96e1ab97ce403110664 -> 
  custom:video-decoder-webm-vp8: 9c59270c3fd7afecdb556c50c9e8de78 -> 
  custom:audio-decoder-ogg-vorbis: bf7c407c2cedff20999df2af8eb42d56 -> 
  custom:audio-encoder-webm-vorbis: bf7c407c2cedff20999df2af8eb42d56 -> 
========================================================================
Received Import Request.
  path: Assets/Scenes
  artifactKey: Guid(ca69e2272cd1a2f42973e3c0b50b25d4) Importer(815301076,1909f56bfc062723c751e8b465ee728b)
Start importing Assets/Scenes using Guid(ca69e2272cd1a2f42973e3c0b50b25d4) Importer(815301076,1909f56bfc062723c751e8b465ee728b)  -> (artifact id: '034f8862b93c9ff434f9fad1ed44dad4') in 0.004902 seconds 
  Import took 0.010103 seconds .

========================================================================
Received Import Request.
  Time since last request: 6.296105 seconds.
  path: Assets/Scenes/Main
  artifactKey: Guid(f1c25cae5d366b94bba0899612a4ba45) Importer(815301076,1909f56bfc062723c751e8b465ee728b)
Start importing Assets/Scenes/Main using Guid(f1c25cae5d366b94bba0899612a4ba45) Importer(815301076,1909f56bfc062723c751e8b465ee728b)  -> (artifact id: 'ad07ab6859d7ac396edbed1fad995b06') in 0.001474 seconds 
  Import took 0.007178 seconds .

========================================================================
Received Import Request.
  Time since last request: 0.000756 seconds.
  path: Assets/Scenes/Main
  artifactKey: Guid(f1c25cae5d366b94bba0899612a4ba45) Importer(815301076,1909f56bfc062723c751e8b465ee728b)
Start importing Assets/Scenes/Main using Guid(f1c25cae5d366b94bba0899612a4ba45) Importer(815301076,1909f56bfc062723c751e8b465ee728b)  -> (artifact id: 'ad07ab6859d7ac396edbed1fad995b06') in 0.002075 seconds 
  Import took 0.009172 seconds .

========================================================================
Received Import Request.
  Time since last request: 0.103187 seconds.
  path: Assets/Scenes/Main/LightingData.asset
  artifactKey: Guid(5ad991571b598ea40b9f6ad91d4d9077) Importer(815301076,1909f56bfc062723c751e8b465ee728b)
Start importing Assets/Scenes/Main/LightingData.asset using Guid(5ad991571b598ea40b9f6ad91d4d9077) Importer(815301076,1909f56bfc062723c751e8b465ee728b)  -> (artifact id: '16a149860c5b641fed68f9ed43bc6f4c') in 0.039324 seconds 
  Import took 0.043765 seconds .

========================================================================
Received Import Request.
  Time since last request: 0.000217 seconds.
  path: Assets/Scenes/Main/ReflectionProbe-3.exr
  artifactKey: Guid(f319d2d4df093224684b4dae47534bb6) Importer(815301076,1909f56bfc062723c751e8b465ee728b)
Start importing Assets/Scenes/Main/ReflectionProbe-3.exr using Guid(f319d2d4df093224684b4dae47534bb6) Importer(815301076,1909f56bfc062723c751e8b465ee728b)  -> (artifact id: '909247ebd5ce2f8c12ce72dbeac37c3d') in 0.109173 seconds 
  Import took 0.112674 seconds .

========================================================================
Received Import Request.
  Time since last request: 0.000148 seconds.
  path: Assets/Scenes/Main/ReflectionProbe-6.exr
  artifactKey: Guid(4c246300583a15b4690337afb12daf70) Importer(815301076,1909f56bfc062723c751e8b465ee728b)
Start importing Assets/Scenes/Main/ReflectionProbe-6.exr using Guid(4c246300583a15b4690337afb12daf70) Importer(815301076,1909f56bfc062723c751e8b465ee728b)  -> (artifact id: 'd79e80a801077dadee62bd996850acae') in 0.023007 seconds 
  Import took 0.027763 seconds .

========================================================================
Received Import Request.
  Time since last request: 0.000297 seconds.
  path: Assets/Scenes/Main/ReflectionProbe-1.exr
  artifactKey: Guid(1a72c321dc0ef67408cdc146ea283607) Importer(815301076,1909f56bfc062723c751e8b465ee728b)
Start importing Assets/Scenes/Main/ReflectionProbe-1.exr using Guid(1a72c321dc0ef67408cdc146ea283607) Importer(815301076,1909f56bfc062723c751e8b465ee728b)  -> (artifact id: 'ad6c1f9b49bf21d9db51e86e59318664') in 0.013009 seconds 
  Import took 0.017978 seconds .

========================================================================
Received Import Request.
  Time since last request: 0.000249 seconds.
  path: Assets/Scenes/Main/ReflectionProbe-5.exr
  artifactKey: Guid(f22b5645f939fc14eb097b1189fb2c8f) Importer(815301076,1909f56bfc062723c751e8b465ee728b)
Start importing Assets/Scenes/Main/ReflectionProbe-5.exr using Guid(f22b5645f939fc14eb097b1189fb2c8f) Importer(815301076,1909f56bfc062723c751e8b465ee728b)  -> (artifact id: 'bf84f1d7198d9c71a0cda8d3e5bae2e7') in 0.014694 seconds 
  Import took 0.019342 seconds .

========================================================================
Received Import Request.
  Time since last request: 0.000294 seconds.
  path: Assets/Scenes/Main/Lightmap-1_comp_dir.png
  artifactKey: Guid(930c85f85f52ab0498118329c192ee2c) Importer(815301076,1909f56bfc062723c751e8b465ee728b)
Start importing Assets/Scenes/Main/Lightmap-1_comp_dir.png using Guid(930c85f85f52ab0498118329c192ee2c) Importer(815301076,1909f56bfc062723c751e8b465ee728b)  -> (artifact id: 'e3f541b6167f871c76108e93d1364172') in 0.022763 seconds 
  Import took 0.028403 seconds .

========================================================================
Received Import Request.
  Time since last request: 0.000208 seconds.
  path: Assets/Scenes/Main/Lightmap-1_comp_light.exr
  artifactKey: Guid(5c2abfa81b784154abbfcfd22f2e73a1) Importer(815301076,1909f56bfc062723c751e8b465ee728b)
Start importing Assets/Scenes/Main/Lightmap-1_comp_light.exr using Guid(5c2abfa81b784154abbfcfd22f2e73a1) Importer(815301076,1909f56bfc062723c751e8b465ee728b)  -> (artifact id: '6e9a5128ee200538aaee9b1ba2487243') in 0.015444 seconds 
  Import took 0.019643 seconds .

========================================================================
Received Import Request.
  Time since last request: 0.000224 seconds.
  path: Assets/Scenes/Main/ReflectionProbe-7.exr
  artifactKey: Guid(5debba57b5b312647adf406fd49d2d1d) Importer(815301076,1909f56bfc062723c751e8b465ee728b)
Start importing Assets/Scenes/Main/ReflectionProbe-7.exr using Guid(5debba57b5b312647adf406fd49d2d1d) Importer(815301076,1909f56bfc062723c751e8b465ee728b)  -> (artifact id: 'ff041d70a75fa93288680b5ae31b8191') in 0.013991 seconds 
  Import took 0.019897 seconds .

========================================================================
Received Import Request.
  Time since last request: 0.000236 seconds.
  path: Assets/Scenes/Main/ReflectionProbe-4.exr
  artifactKey: Guid(8bff01e3b001df7459b7334c615fc50d) Importer(815301076,1909f56bfc062723c751e8b465ee728b)
Start importing Assets/Scenes/Main/ReflectionProbe-4.exr using Guid(8bff01e3b001df7459b7334c615fc50d) Importer(815301076,1909f56bfc062723c751e8b465ee728b)  -> (artifact id: '110d12d0ad5211b6be7bc704773eadd8') in 0.012565 seconds 
  Import took 0.018524 seconds .

========================================================================
Received Import Request.
  Time since last request: 0.000280 seconds.
  path: Assets/Scenes/Main/ReflectionProbe-9.exr
  artifactKey: Guid(d076206b94113aa4cafb7a64d3bad847) Importer(815301076,1909f56bfc062723c751e8b465ee728b)
Start importing Assets/Scenes/Main/ReflectionProbe-9.exr using Guid(d076206b94113aa4cafb7a64d3bad847) Importer(815301076,1909f56bfc062723c751e8b465ee728b)  -> (artifact id: 'cf0950952d15875c185b64bade9d177f') in 0.012360 seconds 
  Import took 0.016949 seconds .

========================================================================
Received Import Request.
  Time since last request: 0.000208 seconds.
  path: Assets/Scenes/Main/Lightmap-0_comp_dir.png
  artifactKey: Guid(d23ce938ae7d9b24bb791e4a71d3388f) Importer(815301076,1909f56bfc062723c751e8b465ee728b)
Start importing Assets/Scenes/Main/Lightmap-0_comp_dir.png using Guid(d23ce938ae7d9b24bb791e4a71d3388f) Importer(815301076,1909f56bfc062723c751e8b465ee728b)  -> (artifact id: '9e87d363ac53265fa78c882b8ccf6ffe') in 0.010259 seconds 
  Import took 0.014992 seconds .

========================================================================
Received Import Request.
  Time since last request: 0.000148 seconds.
  path: Assets/Scenes/Main/Lightmap-0_comp_light.exr
  artifactKey: Guid(38645482f82302843938b3d9b2b8e345) Importer(815301076,1909f56bfc062723c751e8b465ee728b)
Start importing Assets/Scenes/Main/Lightmap-0_comp_light.exr using Guid(38645482f82302843938b3d9b2b8e345) Importer(815301076,1909f56bfc062723c751e8b465ee728b)  -> (artifact id: '0fdba61edc99c7e6c00d372f57f84e68') in 0.011076 seconds 
  Import took 0.016127 seconds .

========================================================================
Received Import Request.
  Time since last request: 0.000223 seconds.
  path: Assets/Scenes/Main/ReflectionProbe-0.exr
  artifactKey: Guid(14d99eba68deb5c419739be53229234f) Importer(815301076,1909f56bfc062723c751e8b465ee728b)
Start importing Assets/Scenes/Main/ReflectionProbe-0.exr using Guid(14d99eba68deb5c419739be53229234f) Importer(815301076,1909f56bfc062723c751e8b465ee728b)  -> (artifact id: '248b1c1ac5d53c24d4b41e5efe90041d') in 0.016523 seconds 
  Import took 0.022058 seconds .

========================================================================
Received Import Request.
  Time since last request: 0.000277 seconds.
  path: Assets/Scenes/Main/ReflectionProbe-8.exr
  artifactKey: Guid(218bb83e223fd5946a08a96e879ca127) Importer(815301076,1909f56bfc062723c751e8b465ee728b)
Start importing Assets/Scenes/Main/ReflectionProbe-8.exr using Guid(218bb83e223fd5946a08a96e879ca127) Importer(815301076,1909f56bfc062723c751e8b465ee728b)  -> (artifact id: '55676a6e527a63a5daf89fa1cd6fb867') in 0.012607 seconds 
  Import took 0.018085 seconds .

========================================================================
Received Import Request.
  Time since last request: 0.000134 seconds.
  path: Assets/Scenes/Main/ReflectionProbe-2.exr
  artifactKey: Guid(5c1be5c0a92e945418a09e0b4b56cd15) Importer(815301076,1909f56bfc062723c751e8b465ee728b)
Start importing Assets/Scenes/Main/ReflectionProbe-2.exr using Guid(5c1be5c0a92e945418a09e0b4b56cd15) Importer(815301076,1909f56bfc062723c751e8b465ee728b)  -> (artifact id: 'f5940af5900df9871e6df25f52df354a') in 0.012181 seconds 
  Import took 0.016672 seconds .

========================================================================
Received Import Request.
  Time since last request: 8.174163 seconds.
  path: Assets/Scenes/SampleScene.unity
  artifactKey: Guid(9fc0d4010bbf28b4594072e72b8655ab) Importer(815301076,1909f56bfc062723c751e8b465ee728b)
Start importing Assets/Scenes/SampleScene.unity using Guid(9fc0d4010bbf28b4594072e72b8655ab) Importer(815301076,1909f56bfc062723c751e8b465ee728b)  -> (artifact id: 'cb53437a733c2705ec5eacf9d5617420') in 0.003125 seconds 
  Import took 0.011110 seconds .

========================================================================
Received Import Request.
  Time since last request: 5.775352 seconds.
  path: Assets/Import/RPG_FPS_game_assets_industrial/Map_v1.unity
  artifactKey: Guid(5a463281e6e238742a45430f11e82829) Importer(815301076,1909f56bfc062723c751e8b465ee728b)
Start importing Assets/Import/RPG_FPS_game_assets_industrial/Map_v1.unity using Guid(5a463281e6e238742a45430f11e82829) Importer(815301076,1909f56bfc062723c751e8b465ee728b)  -> (artifact id: 'c4328faf4774df944eda609a4a7462d3') in 0.002539 seconds 
  Import took 0.007328 seconds .

========================================================================
Received Import Request.
  Time since last request: 21.551370 seconds.
  path: Assets/Import/RPG_FPS_game_assets_industrial/Map_v2.unity
  artifactKey: Guid(1d35c8ff8df44934ab0d5619746c0699) Importer(815301076,1909f56bfc062723c751e8b465ee728b)
Start importing Assets/Import/RPG_FPS_game_assets_industrial/Map_v2.unity using Guid(1d35c8ff8df44934ab0d5619746c0699) Importer(815301076,1909f56bfc062723c751e8b465ee728b)  -> (artifact id: '633212b7e7667c8ed760cba92ba75248') in 0.002139 seconds 
  Import took 0.007906 seconds .

========================================================================
Received Import Request.
  Time since last request: 0.000768 seconds.
  path: Assets/Import/RPG_FPS_game_assets_industrial/Map_v2.unity
  artifactKey: Guid(1d35c8ff8df44934ab0d5619746c0699) Importer(815301076,1909f56bfc062723c751e8b465ee728b)
Start importing Assets/Import/RPG_FPS_game_assets_industrial/Map_v2.unity using Guid(1d35c8ff8df44934ab0d5619746c0699) Importer(815301076,1909f56bfc062723c751e8b465ee728b)  -> (artifact id: '633212b7e7667c8ed760cba92ba75248') in 0.001795 seconds 
  Import took 0.006735 seconds .

========================================================================
Received Import Request.
  Time since last request: 1.602682 seconds.
  path: Assets/Import/RPG_FPS_game_assets_industrial/Assets_showcase_scene.unity
  artifactKey: Guid(a8f7c31154bcc5e409be7f1bb14f0b08) Importer(815301076,1909f56bfc062723c751e8b465ee728b)
Start importing Assets/Import/RPG_FPS_game_assets_industrial/Assets_showcase_scene.unity using Guid(a8f7c31154bcc5e409be7f1bb14f0b08) Importer(815301076,1909f56bfc062723c751e8b465ee728b)  -> (artifact id: 'e11ae72472128d170aa3ff9cbc2403dd') in 0.001937 seconds 
  Import took 0.006547 seconds .

========================================================================
Received Import Request.
  Time since last request: 52.739975 seconds.
  path: Assets/Scenes/Profiles/DefaultProfile.asset
  artifactKey: Guid(30c76ed8c1bfdec468bc22dee567578c) Importer(815301076,1909f56bfc062723c751e8b465ee728b)
Start importing Assets/Scenes/Profiles/DefaultProfile.asset using Guid(30c76ed8c1bfdec468bc22dee567578c) Importer(815301076,1909f56bfc062723c751e8b465ee728b)  -> (artifact id: '0ab7c3407392fba510f16aa5a797700c') in 0.037196 seconds 
  Import took 0.043414 seconds .

========================================================================
Received Import Request.
  Time since last request: 2.436840 seconds.
  path: Assets/Prefabs/Monster_X_Black.prefab
  artifactKey: Guid(f2a88c9ec78f93d46ab8c82000a692b8) Importer(815301076,1909f56bfc062723c751e8b465ee728b)
Start importing Assets/Prefabs/Monster_X_Black.prefab using Guid(f2a88c9ec78f93d46ab8c82000a692b8) Importer(815301076,1909f56bfc062723c751e8b465ee728b)  -> (artifact id: '9da01cc95344213355505d704809360e') in 0.092282 seconds 
  Import took 0.098059 seconds .

========================================================================
Received Import Request.
  Time since last request: 0.000259 seconds.
  path: Assets/Prefabs/Monster_X_Green 1.prefab
  artifactKey: Guid(8df91dbaccca78444927a477b74ce929) Importer(815301076,1909f56bfc062723c751e8b465ee728b)
Start importing Assets/Prefabs/Monster_X_Green 1.prefab using Guid(8df91dbaccca78444927a477b74ce929) Importer(815301076,1909f56bfc062723c751e8b465ee728b)  -> (artifact id: '4666907d859db9aa57c1773b631db2c2') in 0.045007 seconds 
  Import took 0.050634 seconds .

========================================================================
Received Import Request.
  Time since last request: 11.097033 seconds.
  path: Assets/Import
  artifactKey: Guid(76db51b0d4d2a954989162a776b9ab05) Importer(815301076,1909f56bfc062723c751e8b465ee728b)
Start importing Assets/Import using Guid(76db51b0d4d2a954989162a776b9ab05) Importer(815301076,1909f56bfc062723c751e8b465ee728b)  -> (artifact id: '295105465a1bc456bb2a9d35fbd1f4d0') in 0.001839 seconds 
  Import took 0.007015 seconds .

========================================================================
Received Import Request.
  Time since last request: 0.000524 seconds.
  path: Assets/Import
  artifactKey: Guid(76db51b0d4d2a954989162a776b9ab05) Importer(815301076,1909f56bfc062723c751e8b465ee728b)
Start importing Assets/Import using Guid(76db51b0d4d2a954989162a776b9ab05) Importer(815301076,1909f56bfc062723c751e8b465ee728b)  -> (artifact id: '295105465a1bc456bb2a9d35fbd1f4d0') in 0.001327 seconds 
  Import took 0.006166 seconds .

========================================================================
Received Import Request.
  Time since last request: 1.488587 seconds.
  path: Assets/Import/RPG_FPS_game_assets_industrial
  artifactKey: Guid(4259acf6e3a32264e99b4f9e2a3f1437) Importer(815301076,1909f56bfc062723c751e8b465ee728b)
Start importing Assets/Import/RPG_FPS_game_assets_industrial using Guid(4259acf6e3a32264e99b4f9e2a3f1437) Importer(815301076,1909f56bfc062723c751e8b465ee728b)  -> (artifact id: 'de2ae33c92674732621bec11bfb1b62b') in 0.002334 seconds 
  Import took 0.007694 seconds .

========================================================================
Received Import Request.
  Time since last request: 0.000330 seconds.
  path: Assets/Import/RPG_FPS_game_assets_industrial
  artifactKey: Guid(4259acf6e3a32264e99b4f9e2a3f1437) Importer(815301076,1909f56bfc062723c751e8b465ee728b)
Start importing Assets/Import/RPG_FPS_game_assets_industrial using Guid(4259acf6e3a32264e99b4f9e2a3f1437) Importer(815301076,1909f56bfc062723c751e8b465ee728b)  -> (artifact id: 'de2ae33c92674732621bec11bfb1b62b') in 0.001245 seconds 
  Import took 0.006875 seconds .

========================================================================
Received Import Request.
  Time since last request: 16.316936 seconds.
  path: Assets/Import/RPG_FPS_game_assets_industrial/Map_v1
  artifactKey: Guid(94fdc5985e0a94447b36138bdb5bf898) Importer(815301076,1909f56bfc062723c751e8b465ee728b)
Start importing Assets/Import/RPG_FPS_game_assets_industrial/Map_v1 using Guid(94fdc5985e0a94447b36138bdb5bf898) Importer(815301076,1909f56bfc062723c751e8b465ee728b)  -> (artifact id: '24f498b7749dcbbbf6114729b9ef46e1') in 0.002301 seconds 
  Import took 0.007153 seconds .

========================================================================
Received Import Request.
  Time since last request: 0.000851 seconds.
  path: Assets/Import/RPG_FPS_game_assets_industrial/Map_v1
  artifactKey: Guid(94fdc5985e0a94447b36138bdb5bf898) Importer(815301076,1909f56bfc062723c751e8b465ee728b)
Start importing Assets/Import/RPG_FPS_game_assets_industrial/Map_v1 using Guid(94fdc5985e0a94447b36138bdb5bf898) Importer(815301076,1909f56bfc062723c751e8b465ee728b)  -> (artifact id: '24f498b7749dcbbbf6114729b9ef46e1') in 0.001321 seconds 
  Import took 0.005907 seconds .

========================================================================
Received Import Request.
  Time since last request: 0.042297 seconds.
  path: Assets/Import/RPG_FPS_game_assets_industrial/Map_v1/LightingData.asset
  artifactKey: Guid(5c22eb700f4544949b90b5440902dd91) Importer(815301076,1909f56bfc062723c751e8b465ee728b)
Start importing Assets/Import/RPG_FPS_game_assets_industrial/Map_v1/LightingData.asset using Guid(5c22eb700f4544949b90b5440902dd91) Importer(815301076,1909f56bfc062723c751e8b465ee728b)  -> (artifact id: '1a824a61abe6d627ad39551e3377ccef') in 0.004951 seconds 
  Import took 0.010271 seconds .

========================================================================
Received Import Request.
  Time since last request: 0.000253 seconds.
  path: Assets/Import/RPG_FPS_game_assets_industrial/Map_v1/ReflectionProbe-0.exr
  artifactKey: Guid(f67125d15885c3c4aafb5fd749cae7c3) Importer(815301076,1909f56bfc062723c751e8b465ee728b)
Start importing Assets/Import/RPG_FPS_game_assets_industrial/Map_v1/ReflectionProbe-0.exr using Guid(f67125d15885c3c4aafb5fd749cae7c3) Importer(815301076,1909f56bfc062723c751e8b465ee728b)  -> (artifact id: 'df383df2f0990d2154d894c1a12cd120') in 0.012998 seconds 
  Import took 0.017829 seconds .

========================================================================
Received Import Request.
  Time since last request: 0.000331 seconds.
  path: Assets/Import/RPG_FPS_game_assets_industrial/Map_v1/Lightmap-0_comp_light.exr
  artifactKey: Guid(5c06d26fd58024a4fb4a5a9e8bde8865) Importer(815301076,1909f56bfc062723c751e8b465ee728b)
Start importing Assets/Import/RPG_FPS_game_assets_industrial/Map_v1/Lightmap-0_comp_light.exr using Guid(5c06d26fd58024a4fb4a5a9e8bde8865) Importer(815301076,1909f56bfc062723c751e8b465ee728b)  -> (artifact id: 'e5da5ad49553bd5d02b51570d773d487') in 0.063628 seconds 
  Import took 0.070487 seconds .

========================================================================
Received Import Request.
  Time since last request: 2.145369 seconds.
  path: Assets/Import/RPG_FPS_game_assets_industrial/Map_v2
  artifactKey: Guid(74a59a487e7c9404abb282d866688973) Importer(815301076,1909f56bfc062723c751e8b465ee728b)
Start importing Assets/Import/RPG_FPS_game_assets_industrial/Map_v2 using Guid(74a59a487e7c9404abb282d866688973) Importer(815301076,1909f56bfc062723c751e8b465ee728b)  -> (artifact id: '677ef3373a866fa1d5b62a4365891910') in 0.002518 seconds 
  Import took 0.007535 seconds .

========================================================================
Received Import Request.
  Time since last request: 0.046536 seconds.
  path: Assets/Import/RPG_FPS_game_assets_industrial/Map_v2/LightingData.asset
  artifactKey: Guid(e99e831b8dbffae45b1da15e3ac4ed4e) Importer(815301076,1909f56bfc062723c751e8b465ee728b)
Start importing Assets/Import/RPG_FPS_game_assets_industrial/Map_v2/LightingData.asset using Guid(e99e831b8dbffae45b1da15e3ac4ed4e) Importer(815301076,1909f56bfc062723c751e8b465ee728b)  -> (artifact id: '19c9d4c5f39408c927248d8ab411d626') in 0.006066 seconds 
  Import took 0.010782 seconds .

========================================================================
Received Import Request.
  Time since last request: 0.000313 seconds.
  path: Assets/Import/RPG_FPS_game_assets_industrial/Map_v2/Lightmap-1_comp_light.exr
  artifactKey: Guid(aeb69af96cbdb8b4cab9b9f62c00d7c7) Importer(815301076,1909f56bfc062723c751e8b465ee728b)
Start importing Assets/Import/RPG_FPS_game_assets_industrial/Map_v2/Lightmap-1_comp_light.exr using Guid(aeb69af96cbdb8b4cab9b9f62c00d7c7) Importer(815301076,1909f56bfc062723c751e8b465ee728b)  -> (artifact id: 'e7a49da51e6484e34006886abdbe36d7') in 0.055485 seconds 
  Import took 0.062262 seconds .

========================================================================
Received Import Request.
  Time since last request: 0.000386 seconds.
  path: Assets/Import/RPG_FPS_game_assets_industrial/Map_v2/Lightmap-3_comp_light.exr
  artifactKey: Guid(192e6daa4a2a3564fa9666141890e3d0) Importer(815301076,1909f56bfc062723c751e8b465ee728b)
Start importing Assets/Import/RPG_FPS_game_assets_industrial/Map_v2/Lightmap-3_comp_light.exr using Guid(192e6daa4a2a3564fa9666141890e3d0) Importer(815301076,1909f56bfc062723c751e8b465ee728b)  -> (artifact id: 'e0b4eb549454d5c11857c643fd9e3797') in 0.051439 seconds 
  Import took 0.058849 seconds .

========================================================================
Received Import Request.
  Time since last request: 0.000380 seconds.
  path: Assets/Import/RPG_FPS_game_assets_industrial/Map_v2/Lightmap-2_comp_light.exr
  artifactKey: Guid(b05c768f841313a47bd574782ba4fe40) Importer(815301076,1909f56bfc062723c751e8b465ee728b)
Start importing Assets/Import/RPG_FPS_game_assets_industrial/Map_v2/Lightmap-2_comp_light.exr using Guid(b05c768f841313a47bd574782ba4fe40) Importer(815301076,1909f56bfc062723c751e8b465ee728b)  -> (artifact id: '1e17b7bc8ee18cf39a305e34a06075ed') in 0.051119 seconds 
  Import took 0.058102 seconds .

========================================================================
Received Import Request.
  Time since last request: 0.000555 seconds.
  path: Assets/Import/RPG_FPS_game_assets_industrial/Map_v2/ReflectionProbe-0.exr
  artifactKey: Guid(941a3920fabc92145bf6e307bddf9cba) Importer(815301076,1909f56bfc062723c751e8b465ee728b)
Start importing Assets/Import/RPG_FPS_game_assets_industrial/Map_v2/ReflectionProbe-0.exr using Guid(941a3920fabc92145bf6e307bddf9cba) Importer(815301076,1909f56bfc062723c751e8b465ee728b)  -> (artifact id: '8742ea74c5123d1a1a68f5be9f24a113') in 0.012363 seconds 
  Import took 0.017404 seconds .

========================================================================
Received Import Request.
  Time since last request: 0.000259 seconds.
  path: Assets/Import/RPG_FPS_game_assets_industrial/Map_v2/Lightmap-0_comp_light.exr
  artifactKey: Guid(ca091a4cc8ed9c24895d87f1dfc51549) Importer(815301076,1909f56bfc062723c751e8b465ee728b)
Start importing Assets/Import/RPG_FPS_game_assets_industrial/Map_v2/Lightmap-0_comp_light.exr using Guid(ca091a4cc8ed9c24895d87f1dfc51549) Importer(815301076,1909f56bfc062723c751e8b465ee728b)  -> (artifact id: 'ebce8319659edd009c006d0e850d915f') in 0.052505 seconds 
  Import took 0.059799 seconds .

========================================================================
Received Import Request.
  Time since last request: 3.520395 seconds.
  path: Assets/Import/Luminaris Starship
  artifactKey: Guid(1a1c8a9d3182cfe4386a1405ed866b53) Importer(815301076,1909f56bfc062723c751e8b465ee728b)
Start importing Assets/Import/Luminaris Starship using Guid(1a1c8a9d3182cfe4386a1405ed866b53) Importer(815301076,1909f56bfc062723c751e8b465ee728b)  -> (artifact id: '28f04936f4b650a20cbee0ff900a179c') in 0.001802 seconds 
  Import took 0.007280 seconds .

========================================================================
Received Import Request.
  Time since last request: 0.000688 seconds.
  path: Assets/Import/Luminaris Starship
  artifactKey: Guid(1a1c8a9d3182cfe4386a1405ed866b53) Importer(815301076,1909f56bfc062723c751e8b465ee728b)
Start importing Assets/Import/Luminaris Starship using Guid(1a1c8a9d3182cfe4386a1405ed866b53) Importer(815301076,1909f56bfc062723c751e8b465ee728b)  -> (artifact id: '28f04936f4b650a20cbee0ff900a179c') in 0.001794 seconds 
  Import took 0.005989 seconds .

========================================================================
Received Import Request.
  Time since last request: 1.307208 seconds.
  path: Assets/Import/Luminaris Starship/Model
  artifactKey: Guid(0e74ffe2d2d71f340b294274a87cdaa5) Importer(815301076,1909f56bfc062723c751e8b465ee728b)
Start importing Assets/Import/Luminaris Starship/Model using Guid(0e74ffe2d2d71f340b294274a87cdaa5) Importer(815301076,1909f56bfc062723c751e8b465ee728b)  -> (artifact id: '6c1b8a5c49bb7d63ae9901acfa595708') in 0.003404 seconds 
  Import took 0.010683 seconds .

========================================================================
Received Import Request.
  Time since last request: 0.384178 seconds.
  path: Assets/Import/Luminaris Starship/Model/Luminaris Starship.FBX
  artifactKey: Guid(4b3071d113f87f24fb37f0b071ab1c7a) Importer(815301076,1909f56bfc062723c751e8b465ee728b)
Start importing Assets/Import/Luminaris Starship/Model/Luminaris Starship.FBX using Guid(4b3071d113f87f24fb37f0b071ab1c7a) Importer(815301076,1909f56bfc062723c751e8b465ee728b)  -> (artifact id: 'fd826e2e2a8a177e7dcb25261831f204') in 0.093321 seconds 
  Import took 0.098344 seconds .

========================================================================
Received Prepare
Registering precompiled user dll's ...
Registered in 0.013354 seconds.
Begin MonoManager ReloadAssembly
Native extension for WindowsStandalone target not found
Native extension for WebGL target not found
Refreshing native plugins compatible for Editor in 0.74 ms, found 2 plugins.
Preloading 0 native plugins for Editor in 0.00 ms.
Mono: successfully reloaded assembly
- Completed reload, in  1.196 seconds
Domain Reload Profiling:
	ReloadAssembly (1203ms)
		BeginReloadAssembly (180ms)
			ExecutionOrderSort (0ms)
			DisableScriptedObjects (12ms)
			BackupInstance (0ms)
			ReleaseScriptingObjects (0ms)
			CreateAndSetChildDomain (92ms)
		EndReloadAssembly (958ms)
			LoadAssemblies (122ms)
			RebuildTransferFunctionScriptingTraits (0ms)
			SetupTypeCache (317ms)
			ReleaseScriptCaches (1ms)
			RebuildScriptCaches (42ms)
			SetupLoadedEditorAssemblies (342ms)
				LogAssemblyErrors (0ms)
				InitializePlatformSupportModulesInManaged (6ms)
				SetLoadedEditorAssemblies (1ms)
				RefreshPlugins (1ms)
				BeforeProcessingInitializeOnLoad (52ms)
				ProcessInitializeOnLoadAttributes (273ms)
				ProcessInitializeOnLoadMethodAttributes (5ms)
				AfterProcessingInitializeOnLoad (4ms)
				EditorAssembliesLoaded (0ms)
			ExecutionOrderSort2 (0ms)
			AwakeInstancesAfterBackupRestoration (7ms)
Platform modules already initialized, skipping
Refreshing native plugins compatible for Editor in 0.71 ms, found 2 plugins.
Preloading 0 native plugins for Editor in 0.00 ms.
Unloading 2010 Unused Serialized files (Serialized files now loaded: 0)
System memory in use before: 173.4 MB.
System memory in use after: 173.5 MB.

Unloading 13 unused Assets to reduce memory usage. Loaded Objects now: 2575.
Total: 3.531726 ms (FindLiveObjects: 0.253803 ms CreateObjectMapping: 0.078402 ms MarkObjects: 3.134612 ms  DeleteObjects: 0.063451 ms)

AssetImportParameters requested are different than current active one (requested -> active):
  custom:framework-win-MediaFoundation: 216162199b28c13a410421893ffa2e32 -> 
  custom:video-decoder-ogg-theora: a1e56fd34408186e4bbccfd4996cb3dc -> 
  custom:container-muxer-webm: aa71ff27fc2769a1b78a27578f13a17b -> 
  custom:container-demuxer-webm: 4f35f7cbe854078d1ac9338744f61a02 -> 
  custom:container-demuxer-ogg: 62fdf1f143b41e24485cea50d1cbac27 -> 
  custom:video-encoder-webm-vp8: eb34c28f22e8b96e1ab97ce403110664 -> 
  custom:video-decoder-webm-vp8: 9c59270c3fd7afecdb556c50c9e8de78 -> 
  custom:audio-decoder-ogg-vorbis: bf7c407c2cedff20999df2af8eb42d56 -> 
  custom:audio-encoder-webm-vorbis: bf7c407c2cedff20999df2af8eb42d56 -> 
AssetImportWorkerClient::OnTransportError - code=2 error=End of file
